# JRE version: OpenJDK Runtime Environment Temurin-17.0.13+11 (17.0.13+11) (build 17.0.13+11)
# Java VM: OpenJDK 64-Bit Server VM Temurin-17.0.13+11 (17.0.13+11, mixed mode, tiered, compressed oops, compressed class ptrs, parallel gc, linux-amd64)
GC Precious Log:
 CPUs: 8 total, 8 available
 Memory: 15831M
 Large Page Support: Disabled
 NUMA Support: Disabled
 Compressed Oops: Enabled (32-bit)
 Alignments: Space 512K, Generation 512K, Heap 2M
 Heap Min Capacity: 100M
 Heap Initial Capacity: 100M
 Heap Max Capacity: 1G
 Pre-touch: Disabled
 Parallel Workers: 8
Heap:
 PSYoungGen      total 18432K, used 18285K [0x00000000eab00000, 0x00000000ec100000, 0x0000000100000000)
  eden space 15360K, 100% used [0x00000000eab00000,0x00000000eba00000,0x00000000eba00000)
  from space 3072K, 95% used [0x00000000ebe00000,0x00000000ec0db400,0x00000000ec100000)
  to   space 3584K, 0% used [0x00000000eba00000,0x00000000eba00000,0x00000000ebd80000)
 ParOldGen       total 68608K, used 66009K [0x00000000c0000000, 0x00000000c4300000, 0x00000000eab00000)
  object space 68608K, 96% used [0x00000000c0000000,0x00000000c4076640,0x00000000c4300000)
 Metaspace       used 57677K, committed 58816K, reserved 1114112K
  class space    used 6214K, committed 6656K, reserved 1048576K
GC Heap History (20 events):
Event: 10,680 GC heap after
{Heap after GC invocations=25 (full 2):
 PSYoungGen      total 21504K, used 3248K [0x00000000eab00000, 0x00000000ec380000, 0x0000000100000000)
  eden space 17920K, 0% used [0x00000000eab00000,0x00000000eab00000,0x00000000ebc80000)
  from space 3584K, 90% used [0x00000000ebd00000,0x00000000ec02c140,0x00000000ec080000)
  to   space 3072K, 0% used [0x00000000ec080000,0x00000000ec080000,0x00000000ec380000)
 ParOldGen       total 68608K, used 39498K [0x00000000c0000000, 0x00000000c4300000, 0x00000000eab00000)
  object space 68608K, 57% used [0x00000000c0000000,0x00000000c2692a98,0x00000000c4300000)
 Metaspace       used 52895K, committed 54016K, reserved 1114112K
  class space    used 5636K, committed 6080K, reserved 1048576K
}
Event: 10,768 GC heap before
{Heap before GC invocations=26 (full 2):
 PSYoungGen      total 21504K, used 21168K [0x00000000eab00000, 0x00000000ec380000, 0x0000000100000000)
  eden space 17920K, 100% used [0x00000000eab00000,0x00000000ebc80000,0x00000000ebc80000)
  from space 3584K, 90% used [0x00000000ebd00000,0x00000000ec02c140,0x00000000ec080000)
  to   space 3072K, 0% used [0x00000000ec080000,0x00000000ec080000,0x00000000ec380000)
 ParOldGen       total 68608K, used 39498K [0x00000000c0000000, 0x00000000c4300000, 0x00000000eab00000)
  object space 68608K, 57% used [0x00000000c0000000,0x00000000c2692a98,0x00000000c4300000)
 Metaspace       used 53283K, committed 54400K, reserved 1114112K
  class space    used 5717K, committed 6144K, reserved 1048576K
}
Event: 10,773 GC heap after
{Heap after GC invocations=26 (full 2):
 PSYoungGen      total 20480K, used 2144K [0x00000000eab00000, 0x00000000ec300000, 0x0000000100000000)
  eden space 17920K, 0% used [0x00000000eab00000,0x00000000eab00000,0x00000000ebc80000)
  from space 2560K, 83% used [0x00000000ec080000,0x00000000ec298240,0x00000000ec300000)
  to   space 2560K, 0% used [0x00000000ebe00000,0x00000000ebe00000,0x00000000ec080000)
 ParOldGen       total 68608K, used 42546K [0x00000000c0000000, 0x00000000c4300000, 0x00000000eab00000)
  object space 68608K, 62% used [0x00000000c0000000,0x00000000c298c8a8,0x00000000c4300000)
 Metaspace       used 53283K, committed 54400K, reserved 1114112K
  class space    used 5717K, committed 6144K, reserved 1048576K
}
Event: 10,854 GC heap before
{Heap before GC invocations=27 (full 2):
 PSYoungGen      total 20480K, used 20064K [0x00000000eab00000, 0x00000000ec300000, 0x0000000100000000)
  eden space 17920K, 100% used [0x00000000eab00000,0x00000000ebc80000,0x00000000ebc80000)
  from space 2560K, 83% used [0x00000000ec080000,0x00000000ec298240,0x00000000ec300000)
  to   space 2560K, 0% used [0x00000000ebe00000,0x00000000ebe00000,0x00000000ec080000)
 ParOldGen       total 68608K, used 42546K [0x00000000c0000000, 0x00000000c4300000, 0x00000000eab00000)
  object space 68608K, 62% used [0x00000000c0000000,0x00000000c298c8a8,0x00000000c4300000)
 Metaspace       used 53706K, committed 54784K, reserved 1114112K
  class space    used 5772K, committed 6208K, reserved 1048576K
}
Event: 10,860 GC heap after
{Heap after GC invocations=27 (full 2):
 PSYoungGen      total 20480K, used 2559K [0x00000000eab00000, 0x00000000ec880000, 0x0000000100000000)
  eden space 17920K, 0% used [0x00000000eab00000,0x00000000eab00000,0x00000000ebc80000)
  from space 2560K, 99% used [0x00000000ebe00000,0x00000000ec07fca0,0x00000000ec080000)
  to   space 6144K, 0% used [0x00000000ec280000,0x00000000ec280000,0x00000000ec880000)
 ParOldGen       total 68608K, used 45284K [0x00000000c0000000, 0x00000000c4300000, 0x00000000eab00000)
  object space 68608K, 66% used [0x00000000c0000000,0x00000000c2c39168,0x00000000c4300000)
 Metaspace       used 53706K, committed 54784K, reserved 1114112K
  class space    used 5772K, committed 6208K, reserved 1048576K
}
Event: 10,931 GC heap before
{Heap before GC invocations=28 (full 2):
 PSYoungGen      total 20480K, used 20427K [0x00000000eab00000, 0x00000000ec880000, 0x0000000100000000)
  eden space 17920K, 99% used [0x00000000eab00000,0x00000000ebc73240,0x00000000ebc80000)
  from space 2560K, 99% used [0x00000000ebe00000,0x00000000ec07fca0,0x00000000ec080000)
  to   space 6144K, 0% used [0x00000000ec280000,0x00000000ec280000,0x00000000ec880000)
 ParOldGen       total 68608K, used 45284K [0x00000000c0000000, 0x00000000c4300000, 0x00000000eab00000)
  object space 68608K, 66% used [0x00000000c0000000,0x00000000c2c39168,0x00000000c4300000)
 Metaspace       used 54225K, committed 55296K, reserved 1114112K
  class space    used 5840K, committed 6272K, reserved 1048576K
}
Event: 10,935 GC heap after
{Heap after GC invocations=28 (full 2):
 PSYoungGen      total 20480K, used 2339K [0x00000000eab00000, 0x00000000ec500000, 0x0000000100000000)
  eden space 17920K, 0% used [0x00000000eab00000,0x00000000eab00000,0x00000000ebc80000)
  from space 2560K, 91% used [0x00000000ec280000,0x00000000ec4c8db0,0x00000000ec500000)
  to   space 3584K, 0% used [0x00000000ebe00000,0x00000000ebe00000,0x00000000ec180000)
 ParOldGen       total 68608K, used 47643K [0x00000000c0000000, 0x00000000c4300000, 0x00000000eab00000)
  object space 68608K, 69% used [0x00000000c0000000,0x00000000c2e86ec0,0x00000000c4300000)
 Metaspace       used 54225K, committed 55296K, reserved 1114112K
  class space    used 5840K, committed 6272K, reserved 1048576K
}
Event: 11,006 GC heap before
{Heap before GC invocations=29 (full 2):
 PSYoungGen      total 20480K, used 20259K [0x00000000eab00000, 0x00000000ec500000, 0x0000000100000000)
  eden space 17920K, 100% used [0x00000000eab00000,0x00000000ebc80000,0x00000000ebc80000)
  from space 2560K, 91% used [0x00000000ec280000,0x00000000ec4c8db0,0x00000000ec500000)
  to   space 3584K, 0% used [0x00000000ebe00000,0x00000000ebe00000,0x00000000ec180000)
 ParOldGen       total 68608K, used 47643K [0x00000000c0000000, 0x00000000c4300000, 0x00000000eab00000)
  object space 68608K, 69% used [0x00000000c0000000,0x00000000c2e86ec0,0x00000000c4300000)
 Metaspace       used 54753K, committed 55808K, reserved 1114112K
  class space    used 5904K, committed 6336K, reserved 1048576K
}
Event: 11,012 GC heap after
{Heap after GC invocations=29 (full 2):
 PSYoungGen      total 20992K, used 2567K [0x00000000eab00000, 0x00000000ec300000, 0x0000000100000000)
  eden space 17920K, 0% used [0x00000000eab00000,0x00000000eab00000,0x00000000ebc80000)
  from space 3072K, 83% used [0x00000000ebe00000,0x00000000ec081cf0,0x00000000ec100000)
  to   space 2048K, 0% used [0x00000000ec100000,0x00000000ec100000,0x00000000ec300000)
 ParOldGen       total 68608K, used 49777K [0x00000000c0000000, 0x00000000c4300000, 0x00000000eab00000)
  object space 68608K, 72% used [0x00000000c0000000,0x00000000c309c4c0,0x00000000c4300000)
 Metaspace       used 54753K, committed 55808K, reserved 1114112K
  class space    used 5904K, committed 6336K, reserved 1048576K
}
Event: 11,083 GC heap before
{Heap before GC invocations=30 (full 2):
 PSYoungGen      total 20992K, used 20487K [0x00000000eab00000, 0x00000000ec300000, 0x0000000100000000)
  eden space 17920K, 100% used [0x00000000eab00000,0x00000000ebc80000,0x00000000ebc80000)
  from space 3072K, 83% used [0x00000000ebe00000,0x00000000ec081cf0,0x00000000ec100000)
  to   space 2048K, 0% used [0x00000000ec100000,0x00000000ec100000,0x00000000ec300000)
 ParOldGen       total 68608K, used 49777K [0x00000000c0000000, 0x00000000c4300000, 0x00000000eab00000)
  object space 68608K, 72% used [0x00000000c0000000,0x00000000c309c4c0,0x00000000c4300000)
 Metaspace       used 55348K, committed 56448K, reserved 1114112K
  class space    used 5965K, committed 6400K, reserved 1048576K
}
Event: 11,089 GC heap after
{Heap after GC invocations=30 (full 2):
 PSYoungGen      total 17408K, used 2019K [0x00000000eab00000, 0x00000000eca80000, 0x0000000100000000)
  eden space 15360K, 0% used [0x00000000eab00000,0x00000000eab00000,0x00000000eba00000)
  from space 2048K, 98% used [0x00000000ec100000,0x00000000ec2f8d48,0x00000000ec300000)
  to   space 7168K, 0% used [0x00000000eba00000,0x00000000eba00000,0x00000000ec100000)
 ParOldGen       total 68608K, used 54035K [0x00000000c0000000, 0x00000000c4300000, 0x00000000eab00000)
  object space 68608K, 78% used [0x00000000c0000000,0x00000000c34c4ce0,0x00000000c4300000)
 Metaspace       used 55348K, committed 56448K, reserved 1114112K
  class space    used 5965K, committed 6400K, reserved 1048576K
}
Event: 11,145 GC heap before
{Heap before GC invocations=31 (full 2):
 PSYoungGen      total 17408K, used 17379K [0x00000000eab00000, 0x00000000eca80000, 0x0000000100000000)
  eden space 15360K, 100% used [0x00000000eab00000,0x00000000eba00000,0x00000000eba00000)
  from space 2048K, 98% used [0x00000000ec100000,0x00000000ec2f8d48,0x00000000ec300000)
  to   space 7168K, 0% used [0x00000000eba00000,0x00000000eba00000,0x00000000ec100000)
 ParOldGen       total 68608K, used 54035K [0x00000000c0000000, 0x00000000c4300000, 0x00000000eab00000)
  object space 68608K, 78% used [0x00000000c0000000,0x00000000c34c4ce0,0x00000000c4300000)
 Metaspace       used 55662K, committed 56768K, reserved 1114112K
  class space    used 6001K, committed 6464K, reserved 1048576K
}
Event: 11,151 GC heap after
{Heap after GC invocations=31 (full 2):
 PSYoungGen      total 19456K, used 3638K [0x00000000eab00000, 0x00000000ec300000, 0x0000000100000000)
  eden space 15360K, 0% used [0x00000000eab00000,0x00000000eab00000,0x00000000eba00000)
  from space 4096K, 88% used [0x00000000eba00000,0x00000000ebd8d838,0x00000000ebe00000)
  to   space 4608K, 0% used [0x00000000ebe80000,0x00000000ebe80000,0x00000000ec300000)
 ParOldGen       total 68608K, used 56049K [0x00000000c0000000, 0x00000000c4300000, 0x00000000eab00000)
  object space 68608K, 81% used [0x00000000c0000000,0x00000000c36bc580,0x00000000c4300000)
 Metaspace       used 55662K, committed 56768K, reserved 1114112K
  class space    used 6001K, committed 6464K, reserved 1048576K
}
Event: 11,325 GC heap before
{Heap before GC invocations=32 (full 2):
 PSYoungGen      total 19456K, used 18998K [0x00000000eab00000, 0x00000000ec300000, 0x0000000100000000)
  eden space 15360K, 100% used [0x00000000eab00000,0x00000000eba00000,0x00000000eba00000)
  from space 4096K, 88% used [0x00000000eba00000,0x00000000ebd8d838,0x00000000ebe00000)
  to   space 4608K, 0% used [0x00000000ebe80000,0x00000000ebe80000,0x00000000ec300000)
 ParOldGen       total 68608K, used 56049K [0x00000000c0000000, 0x00000000c4300000, 0x00000000eab00000)
  object space 68608K, 81% used [0x00000000c0000000,0x00000000c36bc580,0x00000000c4300000)
 Metaspace       used 56273K, committed 57408K, reserved 1114112K
  class space    used 6074K, committed 6528K, reserved 1048576K
}
Event: 11,334 GC heap after
{Heap after GC invocations=32 (full 2):
 PSYoungGen      total 18432K, used 2967K [0x00000000eab00000, 0x00000000ec180000, 0x0000000100000000)
  eden space 15360K, 0% used [0x00000000eab00000,0x00000000eab00000,0x00000000eba00000)
  from space 3072K, 96% used [0x00000000ebe80000,0x00000000ec165f40,0x00000000ec180000)
  to   space 3584K, 0% used [0x00000000eba80000,0x00000000eba80000,0x00000000ebe00000)
 ParOldGen       total 68608K, used 59517K [0x00000000c0000000, 0x00000000c4300000, 0x00000000eab00000)
  object space 68608K, 86% used [0x00000000c0000000,0x00000000c3a1f6c8,0x00000000c4300000)
 Metaspace       used 56273K, committed 57408K, reserved 1114112K
  class space    used 6074K, committed 6528K, reserved 1048576K
}
Event: 11,444 GC heap before
{Heap before GC invocations=33 (full 2):
 PSYoungGen      total 18432K, used 18327K [0x00000000eab00000, 0x00000000ec180000, 0x0000000100000000)
  eden space 15360K, 100% used [0x00000000eab00000,0x00000000eba00000,0x00000000eba00000)
  from space 3072K, 96% used [0x00000000ebe80000,0x00000000ec165f40,0x00000000ec180000)
  to   space 3584K, 0% used [0x00000000eba80000,0x00000000eba80000,0x00000000ebe00000)
 ParOldGen       total 68608K, used 59517K [0x00000000c0000000, 0x00000000c4300000, 0x00000000eab00000)
  object space 68608K, 86% used [0x00000000c0000000,0x00000000c3a1f6c8,0x00000000c4300000)
 Metaspace       used 56682K, committed 57728K, reserved 1114112K
  class space    used 6108K, committed 6528K, reserved 1048576K
}
Event: 11,451 GC heap after
{Heap after GC invocations=33 (full 2):
 PSYoungGen      total 18944K, used 3342K [0x00000000eab00000, 0x00000000ec100000, 0x0000000100000000)
  eden space 15360K, 0% used [0x00000000eab00000,0x00000000eab00000,0x00000000eba00000)
  from space 3584K, 93% used [0x00000000eba80000,0x00000000ebdc38f0,0x00000000ebe00000)
  to   space 3072K, 0% used [0x00000000ebe00000,0x00000000ebe00000,0x00000000ec100000)
 ParOldGen       total 68608K, used 62147K [0x00000000c0000000, 0x00000000c4300000, 0x00000000eab00000)
  object space 68608K, 90% used [0x00000000c0000000,0x00000000c3cb0c40,0x00000000c4300000)
 Metaspace       used 56682K, committed 57728K, reserved 1114112K
  class space    used 6108K, committed 6528K, reserved 1048576K
}
Event: 11,540 GC heap before
{Heap before GC invocations=34 (full 2):
 PSYoungGen      total 18944K, used 18702K [0x00000000eab00000, 0x00000000ec100000, 0x0000000100000000)
  eden space 15360K, 100% used [0x00000000eab00000,0x00000000eba00000,0x00000000eba00000)
  from space 3584K, 93% used [0x00000000eba80000,0x00000000ebdc38f0,0x00000000ebe00000)
  to   space 3072K, 0% used [0x00000000ebe00000,0x00000000ebe00000,0x00000000ec100000)
 ParOldGen       total 68608K, used 62147K [0x00000000c0000000, 0x00000000c4300000, 0x00000000eab00000)
  object space 68608K, 90% used [0x00000000c0000000,0x00000000c3cb0c40,0x00000000c4300000)
 Metaspace       used 57152K, committed 58304K, reserved 1114112K
  class space    used 6153K, committed 6592K, reserved 1048576K
}
Event: 11,550 GC heap after
{Heap after GC invocations=34 (full 2):
 PSYoungGen      total 18432K, used 2925K [0x00000000eab00000, 0x00000000ec100000, 0x0000000100000000)
  eden space 15360K, 0% used [0x00000000eab00000,0x00000000eab00000,0x00000000eba00000)
  from space 3072K, 95% used [0x00000000ebe00000,0x00000000ec0db400,0x00000000ec100000)
  to   space 3584K, 0% used [0x00000000eba00000,0x00000000eba00000,0x00000000ebd80000)
 ParOldGen       total 68608K, used 65988K [0x00000000c0000000, 0x00000000c4300000, 0x00000000eab00000)
  object space 68608K, 96% used [0x00000000c0000000,0x00000000c40713a0,0x00000000c4300000)
 Metaspace       used 57152K, committed 58304K, reserved 1114112K
  class space    used 6153K, committed 6592K, reserved 1048576K
}
Event: 11,636 GC heap before
{Heap before GC invocations=35 (full 3):
 PSYoungGen      total 18432K, used 18285K [0x00000000eab00000, 0x00000000ec100000, 0x0000000100000000)
  eden space 15360K, 100% used [0x00000000eab00000,0x00000000eba00000,0x00000000eba00000)
  from space 3072K, 95% used [0x00000000ebe00000,0x00000000ec0db400,0x00000000ec100000)
  to   space 3584K, 0% used [0x00000000eba00000,0x00000000eba00000,0x00000000ebd80000)
 ParOldGen       total 68608K, used 66009K [0x00000000c0000000, 0x00000000c4300000, 0x00000000eab00000)
  object space 68608K, 96% used [0x00000000c0000000,0x00000000c4076640,0x00000000c4300000)
 Metaspace       used 57677K, committed 58816K, reserved 1114112K
  class space    used 6214K, committed 6656K, reserved 1048576K
}

